mode: atomic
github.com/dtmirizzi/go-transact/pkg/transact.go:13.48,17.2 1 2
github.com/dtmirizzi/go-transact/pkg/transact.go:20.48,22.2 1 0
github.com/dtmirizzi/go-transact/pkg/transact.go:26.40,28.17 2 2
github.com/dtmirizzi/go-transact/pkg/transact.go:31.2,31.13 1 2
github.com/dtmirizzi/go-transact/pkg/transact.go:28.17,30.3 1 1
github.com/dtmirizzi/go-transact/pkg/transact.go:34.46,38.32 3 2
github.com/dtmirizzi/go-transact/pkg/transact.go:51.2,53.19 2 2
github.com/dtmirizzi/go-transact/pkg/transact.go:59.2,59.12 1 1
github.com/dtmirizzi/go-transact/pkg/transact.go:38.32,40.28 2 4
github.com/dtmirizzi/go-transact/pkg/transact.go:40.28,42.18 2 4
github.com/dtmirizzi/go-transact/pkg/transact.go:48.4,48.13 1 4
github.com/dtmirizzi/go-transact/pkg/transact.go:42.18,47.5 1 1
github.com/dtmirizzi/go-transact/pkg/transact.go:53.19,57.3 3 1
github.com/dtmirizzi/go-transact/pkg/transact.go:62.70,67.23 3 1
github.com/dtmirizzi/go-transact/pkg/transact.go:80.2,82.13 2 1
github.com/dtmirizzi/go-transact/pkg/transact.go:67.23,69.28 2 2
github.com/dtmirizzi/go-transact/pkg/transact.go:69.28,71.18 2 2
github.com/dtmirizzi/go-transact/pkg/transact.go:77.4,77.13 1 2
github.com/dtmirizzi/go-transact/pkg/transact.go:71.18,76.5 1 0
github.com/dtmirizzi/go-transact/pkg/transact.go:86.54,87.23 1 1
github.com/dtmirizzi/go-transact/pkg/transact.go:92.2,92.11 1 1
github.com/dtmirizzi/go-transact/pkg/transact.go:87.23,88.23 1 2
github.com/dtmirizzi/go-transact/pkg/transact.go:88.23,90.4 1 2
github.com/dtmirizzi/go-transact/pkg/transact.go:95.56,96.29 1 2
github.com/dtmirizzi/go-transact/pkg/transact.go:101.2,101.14 1 2
github.com/dtmirizzi/go-transact/pkg/transact.go:96.29,97.20 1 2
github.com/dtmirizzi/go-transact/pkg/transact.go:97.20,99.4 1 0
github.com/dtmirizzi/go-transact/pkg/transact_error.go:21.46,26.2 1 1
github.com/dtmirizzi/go-transact/pkg/transact_error.go:29.62,30.23 1 1
github.com/dtmirizzi/go-transact/pkg/transact_error.go:30.23,32.3 1 1
github.com/dtmirizzi/go-transact/pkg/transact_error.go:36.64,37.23 1 0
github.com/dtmirizzi/go-transact/pkg/transact_error.go:37.23,39.3 1 0
github.com/dtmirizzi/go-transact/pkg/transact_error.go:43.43,45.31 2 0
github.com/dtmirizzi/go-transact/pkg/transact_error.go:48.2,49.33 2 0
github.com/dtmirizzi/go-transact/pkg/transact_error.go:52.2,53.10 2 0
github.com/dtmirizzi/go-transact/pkg/transact_error.go:45.31,47.3 1 0
github.com/dtmirizzi/go-transact/pkg/transact_error.go:49.33,51.3 1 0
github.com/dtmirizzi/go-transact/pkg/transact_error.go:57.61,58.31 1 1
github.com/dtmirizzi/go-transact/pkg/transact_error.go:61.2,61.33 1 1
github.com/dtmirizzi/go-transact/pkg/transact_error.go:64.2,64.11 1 1
github.com/dtmirizzi/go-transact/pkg/transact_error.go:58.31,60.3 1 1
github.com/dtmirizzi/go-transact/pkg/transact_error.go:61.33,63.3 1 0
github.com/dtmirizzi/go-transact/pkg/transact_error.go:68.70,69.31 1 0
github.com/dtmirizzi/go-transact/pkg/transact_error.go:72.2,72.33 1 0
github.com/dtmirizzi/go-transact/pkg/transact_error.go:75.2,75.11 1 0
github.com/dtmirizzi/go-transact/pkg/transact_error.go:69.31,71.3 1 0
github.com/dtmirizzi/go-transact/pkg/transact_error.go:72.33,74.3 1 0
github.com/dtmirizzi/go-transact/pkg/transact_error.go:79.40,81.2 1 0
github.com/dtmirizzi/go-transact/pkg/transact_error.go:83.48,85.2 1 0
